{"C:\\Users\\Felhasználó\\Documents\\CodeCool\\FS API\\starlight\\backend\\app.config.js": {"path":"C:\\Users\\Felhasználó\\Documents\\CodeCool\\FS API\\starlight\\backend\\app.config.js","statementMap":{"0":{"start":{"line":1,"column":15},"end":{"line":35,"column":1}},"1":{"start":{"line":37,"column":0},"end":{"line":37,"column":24}}},"fnMap":{},"branchMap":{},"s":{"0":1,"1":1},"f":{},"b":{},"_coverageSchema":"1a1c01bbd47fc00a2c39e90264f33305004495a9","hash":"410cbb0ded16fd0ffbd29b550eb67e07c6853352"}
,"C:\\Users\\Felhasználó\\Documents\\CodeCool\\FS API\\starlight\\backend\\app.js": {"path":"C:\\Users\\Felhasználó\\Documents\\CodeCool\\FS API\\starlight\\backend\\app.js","statementMap":{"0":{"start":{"line":1,"column":16},"end":{"line":1,"column":34}},"1":{"start":{"line":2,"column":0},"end":{"line":2,"column":32}},"2":{"start":{"line":3,"column":13},"end":{"line":3,"column":28}},"3":{"start":{"line":4,"column":13},"end":{"line":4,"column":42}},"4":{"start":{"line":5,"column":21},"end":{"line":5,"column":58}},"5":{"start":{"line":7,"column":15},"end":{"line":7,"column":32}},"6":{"start":{"line":9,"column":19},"end":{"line":9,"column":43}},"7":{"start":{"line":10,"column":26},"end":{"line":10,"column":57}},"8":{"start":{"line":11,"column":20},"end":{"line":11,"column":45}},"9":{"start":{"line":12,"column":20},"end":{"line":12,"column":45}},"10":{"start":{"line":14,"column":12},"end":{"line":14,"column":21}},"11":{"start":{"line":16,"column":0},"end":{"line":20,"column":2}},"12":{"start":{"line":21,"column":0},"end":{"line":21,"column":24}},"13":{"start":{"line":23,"column":0},"end":{"line":23,"column":60}},"14":{"start":{"line":34,"column":0},"end":{"line":34,"column":33}},"15":{"start":{"line":35,"column":0},"end":{"line":35,"column":47}},"16":{"start":{"line":36,"column":0},"end":{"line":36,"column":35}},"17":{"start":{"line":37,"column":0},"end":{"line":37,"column":35}},"18":{"start":{"line":40,"column":0},"end":{"line":40,"column":21}}},"fnMap":{},"branchMap":{},"s":{"0":1,"1":1,"2":1,"3":1,"4":1,"5":1,"6":1,"7":1,"8":1,"9":1,"10":1,"11":1,"12":1,"13":1,"14":1,"15":1,"16":1,"17":1,"18":1},"f":{},"b":{},"_coverageSchema":"1a1c01bbd47fc00a2c39e90264f33305004495a9","hash":"f99054913fbcb543ff640fb932657db1ae5334f1"}
,"C:\\Users\\Felhasználó\\Documents\\CodeCool\\FS API\\starlight\\backend\\middlewares\\auth.js": {"path":"C:\\Users\\Felhasználó\\Documents\\CodeCool\\FS API\\starlight\\backend\\middlewares\\auth.js","statementMap":{"0":{"start":{"line":1,"column":12},"end":{"line":1,"column":35}},"1":{"start":{"line":4,"column":2},"end":{"line":17,"column":3}},"2":{"start":{"line":5,"column":2},"end":{"line":17,"column":3}},"3":{"start":{"line":6,"column":18},"end":{"line":6,"column":45}},"4":{"start":{"line":7,"column":4},"end":{"line":7,"column":39}},"5":{"start":{"line":8,"column":4},"end":{"line":16,"column":7}},"6":{"start":{"line":9,"column":6},"end":{"line":12,"column":7}},"7":{"start":{"line":10,"column":8},"end":{"line":10,"column":43}},"8":{"start":{"line":11,"column":8},"end":{"line":11,"column":35}},"9":{"start":{"line":14,"column":6},"end":{"line":14,"column":29}},"10":{"start":{"line":15,"column":6},"end":{"line":15,"column":13}},"11":{"start":{"line":19,"column":0},"end":{"line":19,"column":22}}},"fnMap":{"0":{"name":"(anonymous_0)","decl":{"start":{"line":4,"column":2},"end":{"line":4,"column":3}},"loc":{"start":{"line":5,"column":2},"end":{"line":17,"column":3}},"line":5},"1":{"name":"(anonymous_1)","decl":{"start":{"line":5,"column":2},"end":{"line":5,"column":3}},"loc":{"start":{"line":5,"column":22},"end":{"line":17,"column":3}},"line":5},"2":{"name":"(anonymous_2)","decl":{"start":{"line":8,"column":46},"end":{"line":8,"column":47}},"loc":{"start":{"line":8,"column":63},"end":{"line":16,"column":5}},"line":8}},"branchMap":{"0":{"loc":{"start":{"line":9,"column":6},"end":{"line":12,"column":7}},"type":"if","locations":[{"start":{"line":9,"column":6},"end":{"line":12,"column":7}},{"start":{},"end":{}}],"line":9},"1":{"loc":{"start":{"line":9,"column":10},"end":{"line":9,"column":24}},"type":"binary-expr","locations":[{"start":{"line":9,"column":10},"end":{"line":9,"column":15}},{"start":{"line":9,"column":19},"end":{"line":9,"column":24}}],"line":9}},"s":{"0":1,"1":1,"2":4,"3":0,"4":0,"5":0,"6":0,"7":0,"8":0,"9":0,"10":0,"11":1},"f":{"0":4,"1":0,"2":0},"b":{"0":[0,0],"1":[0,0]},"_coverageSchema":"1a1c01bbd47fc00a2c39e90264f33305004495a9","hash":"6a5407fbae27962f59bc4c51dde7a3f54f173d9f"}
,"C:\\Users\\Felhasználó\\Documents\\CodeCool\\FS API\\starlight\\backend\\middlewares\\errorHandler.js": {"path":"C:\\Users\\Felhasználó\\Documents\\CodeCool\\FS API\\starlight\\backend\\middlewares\\errorHandler.js","statementMap":{"0":{"start":{"line":1,"column":15},"end":{"line":1,"column":41}},"1":{"start":{"line":3,"column":21},"end":{"line":6,"column":1}},"2":{"start":{"line":4,"column":2},"end":{"line":4,"column":58}},"3":{"start":{"line":5,"column":2},"end":{"line":5,"column":53}},"4":{"start":{"line":8,"column":0},"end":{"line":8,"column":30}}},"fnMap":{"0":{"name":"(anonymous_0)","decl":{"start":{"line":3,"column":21},"end":{"line":3,"column":22}},"loc":{"start":{"line":3,"column":46},"end":{"line":6,"column":1}},"line":3}},"branchMap":{},"s":{"0":1,"1":1,"2":0,"3":0,"4":1},"f":{"0":0},"b":{},"_coverageSchema":"1a1c01bbd47fc00a2c39e90264f33305004495a9","hash":"16826ad162938ed1313a3ba79f351a659010e2d4"}
,"C:\\Users\\Felhasználó\\Documents\\CodeCool\\FS API\\starlight\\backend\\models\\actor.js": {"path":"C:\\Users\\Felhasználó\\Documents\\CodeCool\\FS API\\starlight\\backend\\models\\actor.js","statementMap":{"0":{"start":{"line":1,"column":17},"end":{"line":1,"column":36}},"1":{"start":{"line":3,"column":20},"end":{"line":20,"column":2}},"2":{"start":{"line":22,"column":14},"end":{"line":22,"column":50}},"3":{"start":{"line":24,"column":0},"end":{"line":24,"column":23}},"4":{"start":{"line":25,"column":0},"end":{"line":25,"column":41}}},"fnMap":{},"branchMap":{},"s":{"0":1,"1":1,"2":1,"3":1,"4":1},"f":{},"b":{},"_coverageSchema":"1a1c01bbd47fc00a2c39e90264f33305004495a9","hash":"29e4bfc7518c661fb1e6883fdc8a8f4198084a46"}
,"C:\\Users\\Felhasználó\\Documents\\CodeCool\\FS API\\starlight\\backend\\models\\performance.js": {"path":"C:\\Users\\Felhasználó\\Documents\\CodeCool\\FS API\\starlight\\backend\\models\\performance.js","statementMap":{"0":{"start":{"line":1,"column":17},"end":{"line":1,"column":36}},"1":{"start":{"line":2,"column":31},"end":{"line":2,"column":49}},"2":{"start":{"line":4,"column":19},"end":{"line":12,"column":2}},"3":{"start":{"line":14,"column":26},"end":{"line":41,"column":2}},"4":{"start":{"line":43,"column":20},"end":{"line":43,"column":68}},"5":{"start":{"line":45,"column":0},"end":{"line":45,"column":29}}},"fnMap":{},"branchMap":{},"s":{"0":1,"1":1,"2":1,"3":1,"4":1,"5":1},"f":{},"b":{},"_coverageSchema":"1a1c01bbd47fc00a2c39e90264f33305004495a9","hash":"7219d013d966c313d0c48cfa5c0f0b0c7ece5da2"}
,"C:\\Users\\Felhasználó\\Documents\\CodeCool\\FS API\\starlight\\backend\\models\\place.js": {"path":"C:\\Users\\Felhasználó\\Documents\\CodeCool\\FS API\\starlight\\backend\\models\\place.js","statementMap":{"0":{"start":{"line":1,"column":17},"end":{"line":1,"column":36}},"1":{"start":{"line":3,"column":20},"end":{"line":17,"column":2}},"2":{"start":{"line":19,"column":14},"end":{"line":19,"column":50}},"3":{"start":{"line":21,"column":0},"end":{"line":21,"column":23}}},"fnMap":{},"branchMap":{},"s":{"0":1,"1":1,"2":1,"3":1},"f":{},"b":{},"_coverageSchema":"1a1c01bbd47fc00a2c39e90264f33305004495a9","hash":"9edea5ef281f846e6a7d064a19b1630b2f9963ef"}
,"C:\\Users\\Felhasználó\\Documents\\CodeCool\\FS API\\starlight\\backend\\models\\user.js": {"path":"C:\\Users\\Felhasználó\\Documents\\CodeCool\\FS API\\starlight\\backend\\models\\user.js","statementMap":{"0":{"start":{"line":1,"column":17},"end":{"line":1,"column":36}},"1":{"start":{"line":3,"column":19},"end":{"line":17,"column":2}},"2":{"start":{"line":19,"column":13},"end":{"line":19,"column":47}},"3":{"start":{"line":21,"column":0},"end":{"line":21,"column":22}}},"fnMap":{},"branchMap":{},"s":{"0":1,"1":1,"2":1,"3":1},"f":{},"b":{},"_coverageSchema":"1a1c01bbd47fc00a2c39e90264f33305004495a9","hash":"a42e962da8e7d592edb3658cc64a6902cda0c706"}
,"C:\\Users\\Felhasználó\\Documents\\CodeCool\\FS API\\starlight\\backend\\routes\\actor.js": {"path":"C:\\Users\\Felhasználó\\Documents\\CodeCool\\FS API\\starlight\\backend\\routes\\actor.js","statementMap":{"0":{"start":{"line":1,"column":15},"end":{"line":1,"column":42}},"1":{"start":{"line":2,"column":13},"end":{"line":2,"column":37}},"2":{"start":{"line":3,"column":13},"end":{"line":3,"column":43}},"3":{"start":{"line":4,"column":13},"end":{"line":4,"column":38}},"4":{"start":{"line":5,"column":14},"end":{"line":5,"column":40}},"5":{"start":{"line":7,"column":0},"end":{"line":11,"column":3}},"6":{"start":{"line":8,"column":16},"end":{"line":8,"column":49}},"7":{"start":{"line":9,"column":2},"end":{"line":9,"column":46}},"8":{"start":{"line":9,"column":14},"end":{"line":9,"column":46}},"9":{"start":{"line":10,"column":2},"end":{"line":10,"column":30}},"10":{"start":{"line":13,"column":0},"end":{"line":34,"column":3}},"11":{"start":{"line":14,"column":16},"end":{"line":14,"column":30}},"12":{"start":{"line":15,"column":2},"end":{"line":15,"column":21}},"13":{"start":{"line":16,"column":2},"end":{"line":17,"column":73}},"14":{"start":{"line":17,"column":4},"end":{"line":17,"column":73}},"15":{"start":{"line":19,"column":16},"end":{"line":26,"column":3}},"16":{"start":{"line":32,"column":2},"end":{"line":32,"column":46}},"17":{"start":{"line":32,"column":14},"end":{"line":32,"column":46}},"18":{"start":{"line":33,"column":2},"end":{"line":33,"column":30}},"19":{"start":{"line":36,"column":0},"end":{"line":46,"column":3}},"20":{"start":{"line":37,"column":41},"end":{"line":37,"column":49}},"21":{"start":{"line":38,"column":2},"end":{"line":38,"column":67}},"22":{"start":{"line":38,"column":13},"end":{"line":38,"column":67}},"23":{"start":{"line":39,"column":19},"end":{"line":43,"column":4}},"24":{"start":{"line":44,"column":2},"end":{"line":44,"column":49}},"25":{"start":{"line":44,"column":17},"end":{"line":44,"column":49}},"26":{"start":{"line":45,"column":2},"end":{"line":45,"column":33}},"27":{"start":{"line":48,"column":0},"end":{"line":58,"column":3}},"28":{"start":{"line":49,"column":32},"end":{"line":49,"column":40}},"29":{"start":{"line":50,"column":16},"end":{"line":50,"column":44}},"30":{"start":{"line":51,"column":17},"end":{"line":55,"column":3}},"31":{"start":{"line":57,"column":2},"end":{"line":57,"column":33}},"32":{"start":{"line":60,"column":0},"end":{"line":69,"column":3}},"33":{"start":{"line":61,"column":33},"end":{"line":61,"column":41}},"34":{"start":{"line":62,"column":18},"end":{"line":62,"column":46}},"35":{"start":{"line":63,"column":17},"end":{"line":67,"column":3}},"36":{"start":{"line":68,"column":2},"end":{"line":68,"column":33}},"37":{"start":{"line":71,"column":0},"end":{"line":71,"column":24}}},"fnMap":{"0":{"name":"(anonymous_0)","decl":{"start":{"line":7,"column":16},"end":{"line":7,"column":17}},"loc":{"start":{"line":7,"column":36},"end":{"line":11,"column":1}},"line":7},"1":{"name":"(anonymous_1)","decl":{"start":{"line":13,"column":21},"end":{"line":13,"column":22}},"loc":{"start":{"line":13,"column":41},"end":{"line":34,"column":1}},"line":13},"2":{"name":"(anonymous_2)","decl":{"start":{"line":36,"column":17},"end":{"line":36,"column":18}},"loc":{"start":{"line":36,"column":37},"end":{"line":46,"column":1}},"line":36},"3":{"name":"(anonymous_3)","decl":{"start":{"line":48,"column":23},"end":{"line":48,"column":24}},"loc":{"start":{"line":48,"column":43},"end":{"line":58,"column":1}},"line":48},"4":{"name":"(anonymous_4)","decl":{"start":{"line":60,"column":21},"end":{"line":60,"column":22}},"loc":{"start":{"line":60,"column":41},"end":{"line":69,"column":1}},"line":60}},"branchMap":{"0":{"loc":{"start":{"line":9,"column":2},"end":{"line":9,"column":46}},"type":"if","locations":[{"start":{"line":9,"column":2},"end":{"line":9,"column":46}},{"start":{},"end":{}}],"line":9},"1":{"loc":{"start":{"line":16,"column":2},"end":{"line":17,"column":73}},"type":"if","locations":[{"start":{"line":16,"column":2},"end":{"line":17,"column":73}},{"start":{},"end":{}}],"line":16},"2":{"loc":{"start":{"line":32,"column":2},"end":{"line":32,"column":46}},"type":"if","locations":[{"start":{"line":32,"column":2},"end":{"line":32,"column":46}},{"start":{},"end":{}}],"line":32},"3":{"loc":{"start":{"line":38,"column":2},"end":{"line":38,"column":67}},"type":"if","locations":[{"start":{"line":38,"column":2},"end":{"line":38,"column":67}},{"start":{},"end":{}}],"line":38},"4":{"loc":{"start":{"line":44,"column":2},"end":{"line":44,"column":49}},"type":"if","locations":[{"start":{"line":44,"column":2},"end":{"line":44,"column":49}},{"start":{},"end":{}}],"line":44}},"s":{"0":1,"1":1,"2":1,"3":1,"4":1,"5":1,"6":0,"7":0,"8":0,"9":0,"10":1,"11":0,"12":0,"13":0,"14":0,"15":0,"16":0,"17":0,"18":0,"19":1,"20":0,"21":0,"22":0,"23":0,"24":0,"25":0,"26":0,"27":1,"28":0,"29":0,"30":0,"31":0,"32":1,"33":0,"34":0,"35":0,"36":0,"37":1},"f":{"0":0,"1":0,"2":0,"3":0,"4":0},"b":{"0":[0,0],"1":[0,0],"2":[0,0],"3":[0,0],"4":[0,0]},"_coverageSchema":"1a1c01bbd47fc00a2c39e90264f33305004495a9","hash":"ed4467953b039025eaf61ddf32da5367cdd94b40"}
,"C:\\Users\\Felhasználó\\Documents\\CodeCool\\FS API\\starlight\\backend\\routes\\performance.js": {"path":"C:\\Users\\Felhasználó\\Documents\\CodeCool\\FS API\\starlight\\backend\\routes\\performance.js","statementMap":{"0":{"start":{"line":1,"column":15},"end":{"line":1,"column":42}},"1":{"start":{"line":2,"column":13},"end":{"line":2,"column":37}},"2":{"start":{"line":3,"column":13},"end":{"line":3,"column":38}},"3":{"start":{"line":4,"column":20},"end":{"line":4,"column":52}},"4":{"start":{"line":5,"column":13},"end":{"line":5,"column":43}},"5":{"start":{"line":7,"column":0},"end":{"line":13,"column":3}},"6":{"start":{"line":8,"column":22},"end":{"line":8,"column":69}},"7":{"start":{"line":11,"column":2},"end":{"line":11,"column":52}},"8":{"start":{"line":11,"column":20},"end":{"line":11,"column":52}},"9":{"start":{"line":12,"column":2},"end":{"line":12,"column":24}},"10":{"start":{"line":15,"column":0},"end":{"line":47,"column":3}},"11":{"start":{"line":29,"column":6},"end":{"line":29,"column":14}},"12":{"start":{"line":30,"column":16},"end":{"line":43,"column":4}},"13":{"start":{"line":45,"column":2},"end":{"line":45,"column":46}},"14":{"start":{"line":45,"column":14},"end":{"line":45,"column":46}},"15":{"start":{"line":46,"column":2},"end":{"line":46,"column":30}},"16":{"start":{"line":49,"column":0},"end":{"line":58,"column":3}},"17":{"start":{"line":50,"column":39},"end":{"line":50,"column":47}},"18":{"start":{"line":51,"column":16},"end":{"line":51,"column":56}},"19":{"start":{"line":52,"column":14},"end":{"line":56,"column":3}},"20":{"start":{"line":57,"column":2},"end":{"line":57,"column":30}},"21":{"start":{"line":60,"column":0},"end":{"line":68,"column":3}},"22":{"start":{"line":61,"column":32},"end":{"line":61,"column":40}},"23":{"start":{"line":62,"column":16},"end":{"line":62,"column":42}},"24":{"start":{"line":63,"column":14},"end":{"line":66,"column":3}},"25":{"start":{"line":67,"column":2},"end":{"line":67,"column":30}},"26":{"start":{"line":70,"column":0},"end":{"line":70,"column":24}}},"fnMap":{"0":{"name":"(anonymous_0)","decl":{"start":{"line":7,"column":16},"end":{"line":7,"column":17}},"loc":{"start":{"line":7,"column":36},"end":{"line":13,"column":1}},"line":7},"1":{"name":"(anonymous_1)","decl":{"start":{"line":15,"column":41},"end":{"line":15,"column":42}},"loc":{"start":{"line":15,"column":61},"end":{"line":47,"column":1}},"line":15},"2":{"name":"(anonymous_2)","decl":{"start":{"line":49,"column":46},"end":{"line":49,"column":47}},"loc":{"start":{"line":49,"column":66},"end":{"line":58,"column":1}},"line":49},"3":{"name":"(anonymous_3)","decl":{"start":{"line":60,"column":46},"end":{"line":60,"column":47}},"loc":{"start":{"line":60,"column":66},"end":{"line":68,"column":1}},"line":60}},"branchMap":{"0":{"loc":{"start":{"line":11,"column":2},"end":{"line":11,"column":52}},"type":"if","locations":[{"start":{"line":11,"column":2},"end":{"line":11,"column":52}},{"start":{},"end":{}}],"line":11},"1":{"loc":{"start":{"line":45,"column":2},"end":{"line":45,"column":46}},"type":"if","locations":[{"start":{"line":45,"column":2},"end":{"line":45,"column":46}},{"start":{},"end":{}}],"line":45}},"s":{"0":1,"1":1,"2":1,"3":1,"4":1,"5":1,"6":0,"7":0,"8":0,"9":0,"10":1,"11":0,"12":0,"13":0,"14":0,"15":0,"16":1,"17":0,"18":0,"19":0,"20":0,"21":1,"22":0,"23":0,"24":0,"25":0,"26":1},"f":{"0":0,"1":0,"2":0,"3":0},"b":{"0":[0,0],"1":[0,0]},"_coverageSchema":"1a1c01bbd47fc00a2c39e90264f33305004495a9","hash":"e6d8eb65dabbf79d1e049cd645435cf40830f9ea"}
,"C:\\Users\\Felhasználó\\Documents\\CodeCool\\FS API\\starlight\\backend\\routes\\place.js": {"path":"C:\\Users\\Felhasználó\\Documents\\CodeCool\\FS API\\starlight\\backend\\routes\\place.js","statementMap":{"0":{"start":{"line":1,"column":15},"end":{"line":1,"column":42}},"1":{"start":{"line":2,"column":13},"end":{"line":2,"column":43}},"2":{"start":{"line":3,"column":14},"end":{"line":3,"column":40}},"3":{"start":{"line":5,"column":0},"end":{"line":31,"column":3}},"4":{"start":{"line":18,"column":6},"end":{"line":18,"column":14}},"5":{"start":{"line":19,"column":2},"end":{"line":19,"column":70}},"6":{"start":{"line":19,"column":13},"end":{"line":19,"column":70}},"7":{"start":{"line":20,"column":18},"end":{"line":20,"column":70}},"8":{"start":{"line":21,"column":19},"end":{"line":28,"column":4}},"9":{"start":{"line":29,"column":2},"end":{"line":29,"column":44}},"10":{"start":{"line":29,"column":17},"end":{"line":29,"column":44}},"11":{"start":{"line":30,"column":2},"end":{"line":30,"column":33}},"12":{"start":{"line":33,"column":0},"end":{"line":37,"column":3}},"13":{"start":{"line":34,"column":16},"end":{"line":34,"column":49}},"14":{"start":{"line":35,"column":2},"end":{"line":35,"column":72}},"15":{"start":{"line":35,"column":14},"end":{"line":35,"column":72}},"16":{"start":{"line":36,"column":2},"end":{"line":36,"column":30}},"17":{"start":{"line":39,"column":0},"end":{"line":39,"column":24}}},"fnMap":{"0":{"name":"(anonymous_0)","decl":{"start":{"line":5,"column":17},"end":{"line":5,"column":18}},"loc":{"start":{"line":5,"column":37},"end":{"line":31,"column":1}},"line":5},"1":{"name":"(anonymous_1)","decl":{"start":{"line":33,"column":16},"end":{"line":33,"column":17}},"loc":{"start":{"line":33,"column":36},"end":{"line":37,"column":1}},"line":33}},"branchMap":{"0":{"loc":{"start":{"line":19,"column":2},"end":{"line":19,"column":70}},"type":"if","locations":[{"start":{"line":19,"column":2},"end":{"line":19,"column":70}},{"start":{},"end":{}}],"line":19},"1":{"loc":{"start":{"line":29,"column":2},"end":{"line":29,"column":44}},"type":"if","locations":[{"start":{"line":29,"column":2},"end":{"line":29,"column":44}},{"start":{},"end":{}}],"line":29},"2":{"loc":{"start":{"line":35,"column":2},"end":{"line":35,"column":72}},"type":"if","locations":[{"start":{"line":35,"column":2},"end":{"line":35,"column":72}},{"start":{},"end":{}}],"line":35}},"s":{"0":1,"1":1,"2":1,"3":1,"4":0,"5":0,"6":0,"7":0,"8":0,"9":0,"10":0,"11":0,"12":1,"13":0,"14":0,"15":0,"16":0,"17":1},"f":{"0":0,"1":0},"b":{"0":[0,0],"1":[0,0],"2":[0,0]},"_coverageSchema":"1a1c01bbd47fc00a2c39e90264f33305004495a9","hash":"6b4f5e49f9a27428c4e8538bba24ecd4bd118f55"}
,"C:\\Users\\Felhasználó\\Documents\\CodeCool\\FS API\\starlight\\backend\\routes\\user.js": {"path":"C:\\Users\\Felhasználó\\Documents\\CodeCool\\FS API\\starlight\\backend\\routes\\user.js","statementMap":{"0":{"start":{"line":1,"column":15},"end":{"line":1,"column":42}},"1":{"start":{"line":2,"column":12},"end":{"line":2,"column":35}},"2":{"start":{"line":3,"column":13},"end":{"line":3,"column":37}},"3":{"start":{"line":4,"column":13},"end":{"line":4,"column":38}},"4":{"start":{"line":5,"column":13},"end":{"line":5,"column":43}},"5":{"start":{"line":6,"column":15},"end":{"line":6,"column":39}},"6":{"start":{"line":8,"column":0},"end":{"line":97,"column":3}},"7":{"start":{"line":9,"column":18},"end":{"line":9,"column":26}},"8":{"start":{"line":10,"column":2},"end":{"line":10,"column":73}},"9":{"start":{"line":10,"column":16},"end":{"line":10,"column":73}},"10":{"start":{"line":12,"column":15},"end":{"line":12,"column":27}},"11":{"start":{"line":13,"column":19},"end":{"line":13,"column":35}},"12":{"start":{"line":14,"column":2},"end":{"line":14,"column":79}},"13":{"start":{"line":14,"column":26},"end":{"line":14,"column":79}},"14":{"start":{"line":15,"column":2},"end":{"line":16,"column":50}},"15":{"start":{"line":16,"column":4},"end":{"line":16,"column":50}},"16":{"start":{"line":18,"column":19},"end":{"line":32,"column":3}},"17":{"start":{"line":34,"column":2},"end":{"line":34,"column":44}},"18":{"start":{"line":34,"column":17},"end":{"line":34,"column":44}},"19":{"start":{"line":35,"column":2},"end":{"line":35,"column":58}},"20":{"start":{"line":35,"column":31},"end":{"line":35,"column":58}},"21":{"start":{"line":38,"column":20},"end":{"line":38,"column":43}},"22":{"start":{"line":40,"column":2},"end":{"line":61,"column":3}},"23":{"start":{"line":42,"column":22},"end":{"line":42,"column":48}},"24":{"start":{"line":43,"column":25},"end":{"line":51,"column":5}},"25":{"start":{"line":52,"column":4},"end":{"line":52,"column":50}},"26":{"start":{"line":52,"column":23},"end":{"line":52,"column":50}},"27":{"start":{"line":53,"column":4},"end":{"line":53,"column":64}},"28":{"start":{"line":53,"column":37},"end":{"line":53,"column":64}},"29":{"start":{"line":55,"column":15},"end":{"line":55,"column":44}},"30":{"start":{"line":56,"column":4},"end":{"line":56,"column":35}},"31":{"start":{"line":58,"column":20},"end":{"line":58,"column":54}},"32":{"start":{"line":59,"column":4},"end":{"line":59,"column":45}},"33":{"start":{"line":59,"column":18},"end":{"line":59,"column":45}},"34":{"start":{"line":60,"column":4},"end":{"line":60,"column":25}},"35":{"start":{"line":63,"column":14},"end":{"line":63,"column":37}},"36":{"start":{"line":65,"column":13},"end":{"line":65,"column":50}},"37":{"start":{"line":67,"column":2},"end":{"line":70,"column":3}},"38":{"start":{"line":68,"column":4},"end":{"line":68,"column":73}},"39":{"start":{"line":69,"column":4},"end":{"line":69,"column":29}},"40":{"start":{"line":71,"column":23},"end":{"line":78,"column":3}},"41":{"start":{"line":80,"column":2},"end":{"line":80,"column":29}},"42":{"start":{"line":83,"column":2},"end":{"line":96,"column":5}},"43":{"start":{"line":84,"column":4},"end":{"line":84,"column":56}},"44":{"start":{"line":84,"column":29},"end":{"line":84,"column":56}},"45":{"start":{"line":85,"column":17},"end":{"line":88,"column":6}},"46":{"start":{"line":90,"column":25},"end":{"line":94,"column":5}},"47":{"start":{"line":95,"column":4},"end":{"line":95,"column":31}},"48":{"start":{"line":99,"column":0},"end":{"line":99,"column":24}}},"fnMap":{"0":{"name":"(anonymous_0)","decl":{"start":{"line":8,"column":46},"end":{"line":8,"column":47}},"loc":{"start":{"line":8,"column":66},"end":{"line":97,"column":1}},"line":8},"1":{"name":"(anonymous_1)","decl":{"start":{"line":83,"column":48},"end":{"line":83,"column":49}},"loc":{"start":{"line":83,"column":68},"end":{"line":96,"column":3}},"line":83}},"branchMap":{"0":{"loc":{"start":{"line":10,"column":2},"end":{"line":10,"column":73}},"type":"if","locations":[{"start":{"line":10,"column":2},"end":{"line":10,"column":73}},{"start":{},"end":{}}],"line":10},"1":{"loc":{"start":{"line":14,"column":2},"end":{"line":14,"column":79}},"type":"if","locations":[{"start":{"line":14,"column":2},"end":{"line":14,"column":79}},{"start":{},"end":{}}],"line":14},"2":{"loc":{"start":{"line":14,"column":6},"end":{"line":14,"column":24}},"type":"binary-expr","locations":[{"start":{"line":14,"column":6},"end":{"line":14,"column":11}},{"start":{"line":14,"column":15},"end":{"line":14,"column":24}}],"line":14},"3":{"loc":{"start":{"line":15,"column":2},"end":{"line":16,"column":50}},"type":"if","locations":[{"start":{"line":15,"column":2},"end":{"line":16,"column":50}},{"start":{},"end":{}}],"line":15},"4":{"loc":{"start":{"line":34,"column":2},"end":{"line":34,"column":44}},"type":"if","locations":[{"start":{"line":34,"column":2},"end":{"line":34,"column":44}},{"start":{},"end":{}}],"line":34},"5":{"loc":{"start":{"line":35,"column":2},"end":{"line":35,"column":58}},"type":"if","locations":[{"start":{"line":35,"column":2},"end":{"line":35,"column":58}},{"start":{},"end":{}}],"line":35},"6":{"loc":{"start":{"line":40,"column":2},"end":{"line":61,"column":3}},"type":"if","locations":[{"start":{"line":40,"column":2},"end":{"line":61,"column":3}},{"start":{"line":57,"column":9},"end":{"line":61,"column":3}}],"line":40},"7":{"loc":{"start":{"line":52,"column":4},"end":{"line":52,"column":50}},"type":"if","locations":[{"start":{"line":52,"column":4},"end":{"line":52,"column":50}},{"start":{},"end":{}}],"line":52},"8":{"loc":{"start":{"line":53,"column":4},"end":{"line":53,"column":64}},"type":"if","locations":[{"start":{"line":53,"column":4},"end":{"line":53,"column":64}},{"start":{},"end":{}}],"line":53},"9":{"loc":{"start":{"line":59,"column":4},"end":{"line":59,"column":45}},"type":"if","locations":[{"start":{"line":59,"column":4},"end":{"line":59,"column":45}},{"start":{},"end":{}}],"line":59},"10":{"loc":{"start":{"line":67,"column":2},"end":{"line":70,"column":3}},"type":"if","locations":[{"start":{"line":67,"column":2},"end":{"line":70,"column":3}},{"start":{},"end":{}}],"line":67},"11":{"loc":{"start":{"line":67,"column":6},"end":{"line":67,"column":40}},"type":"binary-expr","locations":[{"start":{"line":67,"column":6},"end":{"line":67,"column":10}},{"start":{"line":67,"column":14},"end":{"line":67,"column":40}}],"line":67},"12":{"loc":{"start":{"line":74,"column":17},"end":{"line":74,"column":63}},"type":"cond-expr","locations":[{"start":{"line":74,"column":24},"end":{"line":74,"column":38}},{"start":{"line":74,"column":41},"end":{"line":74,"column":63}}],"line":74},"13":{"loc":{"start":{"line":84,"column":4},"end":{"line":84,"column":56}},"type":"if","locations":[{"start":{"line":84,"column":4},"end":{"line":84,"column":56}},{"start":{},"end":{}}],"line":84}},"s":{"0":1,"1":1,"2":1,"3":1,"4":1,"5":1,"6":1,"7":0,"8":0,"9":0,"10":0,"11":0,"12":0,"13":0,"14":0,"15":0,"16":0,"17":0,"18":0,"19":0,"20":0,"21":0,"22":0,"23":0,"24":0,"25":0,"26":0,"27":0,"28":0,"29":0,"30":0,"31":0,"32":0,"33":0,"34":0,"35":0,"36":0,"37":0,"38":0,"39":0,"40":0,"41":0,"42":0,"43":0,"44":0,"45":0,"46":0,"47":0,"48":1},"f":{"0":0,"1":0},"b":{"0":[0,0],"1":[0,0],"2":[0,0],"3":[0,0],"4":[0,0],"5":[0,0],"6":[0,0],"7":[0,0],"8":[0,0],"9":[0,0],"10":[0,0],"11":[0,0],"12":[0,0],"13":[0,0]},"_coverageSchema":"1a1c01bbd47fc00a2c39e90264f33305004495a9","hash":"ed49e8b1a6f5f5846b159fce202de75921a96c7e"}
,"C:\\Users\\Felhasználó\\Documents\\CodeCool\\FS API\\starlight\\backend\\utils\\http.js": {"path":"C:\\Users\\Felhasználó\\Documents\\CodeCool\\FS API\\starlight\\backend\\utils\\http.js","statementMap":{"0":{"start":{"line":1,"column":14},"end":{"line":1,"column":30}},"1":{"start":{"line":3,"column":13},"end":{"line":33,"column":1}},"2":{"start":{"line":4,"column":19},"end":{"line":7,"column":4}},"3":{"start":{"line":9,"column":15},"end":{"line":19,"column":3}},"4":{"start":{"line":10,"column":4},"end":{"line":18,"column":5}},"5":{"start":{"line":11,"column":23},"end":{"line":11,"column":53}},"6":{"start":{"line":12,"column":6},"end":{"line":12,"column":65}},"7":{"start":{"line":13,"column":6},"end":{"line":13,"column":22}},"8":{"start":{"line":15,"column":6},"end":{"line":15,"column":64}},"9":{"start":{"line":16,"column":6},"end":{"line":16,"column":60}},"10":{"start":{"line":17,"column":6},"end":{"line":17,"column":26}},"11":{"start":{"line":21,"column":14},"end":{"line":30,"column":3}},"12":{"start":{"line":22,"column":4},"end":{"line":29,"column":5}},"13":{"start":{"line":23,"column":23},"end":{"line":23,"column":52}},"14":{"start":{"line":24,"column":6},"end":{"line":24,"column":22}},"15":{"start":{"line":26,"column":6},"end":{"line":26,"column":64}},"16":{"start":{"line":27,"column":6},"end":{"line":27,"column":60}},"17":{"start":{"line":28,"column":6},"end":{"line":28,"column":28}},"18":{"start":{"line":32,"column":2},"end":{"line":32,"column":44}},"19":{"start":{"line":35,"column":0},"end":{"line":35,"column":24}}},"fnMap":{"0":{"name":"(anonymous_0)","decl":{"start":{"line":3,"column":13},"end":{"line":3,"column":14}},"loc":{"start":{"line":3,"column":19},"end":{"line":33,"column":1}},"line":3},"1":{"name":"(anonymous_1)","decl":{"start":{"line":9,"column":15},"end":{"line":9,"column":16}},"loc":{"start":{"line":9,"column":36},"end":{"line":19,"column":3}},"line":9},"2":{"name":"(anonymous_2)","decl":{"start":{"line":21,"column":14},"end":{"line":21,"column":15}},"loc":{"start":{"line":21,"column":35},"end":{"line":30,"column":3}},"line":21}},"branchMap":{},"s":{"0":1,"1":1,"2":1,"3":1,"4":0,"5":0,"6":0,"7":0,"8":0,"9":0,"10":0,"11":1,"12":0,"13":0,"14":0,"15":0,"16":0,"17":0,"18":1,"19":1},"f":{"0":1,"1":0,"2":0},"b":{},"_coverageSchema":"1a1c01bbd47fc00a2c39e90264f33305004495a9","hash":"ad7d0e728aa650e1884ea1a692ca23e841ebcf8f"}
,"C:\\Users\\Felhasználó\\Documents\\CodeCool\\FS API\\starlight\\backend\\utils\\httpMock.js": {"path":"C:\\Users\\Felhasználó\\Documents\\CodeCool\\FS API\\starlight\\backend\\utils\\httpMock.js","statementMap":{"0":{"start":{"line":1,"column":22},"end":{"line":1,"column":39}},"1":{"start":{"line":2,"column":25},"end":{"line":2,"column":54}},"2":{"start":{"line":3,"column":12},"end":{"line":3,"column":35}},"3":{"start":{"line":5,"column":13},"end":{"line":5,"column":44}},"4":{"start":{"line":7,"column":35},"end":{"line":12,"column":1}},"5":{"start":{"line":8,"column":19},"end":{"line":8,"column":50}},"6":{"start":{"line":9,"column":2},"end":{"line":11,"column":44}},"7":{"start":{"line":14,"column":33},"end":{"line":16,"column":1}},"8":{"start":{"line":15,"column":2},"end":{"line":15,"column":68}},"9":{"start":{"line":17,"column":0},"end":{"line":17,"column":74}}},"fnMap":{"0":{"name":"(anonymous_0)","decl":{"start":{"line":7,"column":35},"end":{"line":7,"column":36}},"loc":{"start":{"line":7,"column":44},"end":{"line":12,"column":1}},"line":7},"1":{"name":"(anonymous_1)","decl":{"start":{"line":14,"column":33},"end":{"line":14,"column":34}},"loc":{"start":{"line":14,"column":39},"end":{"line":16,"column":1}},"line":14}},"branchMap":{},"s":{"0":1,"1":1,"2":1,"3":1,"4":1,"5":0,"6":0,"7":1,"8":0,"9":1},"f":{"0":0,"1":0},"b":{},"_coverageSchema":"1a1c01bbd47fc00a2c39e90264f33305004495a9","hash":"fdfd5465419b5d1467eb99f4f320c1ff4f6ab03d"}
,"C:\\Users\\Felhasználó\\Documents\\CodeCool\\FS API\\starlight\\backend\\utils\\inMemoryDb.js": {"path":"C:\\Users\\Felhasználó\\Documents\\CodeCool\\FS API\\starlight\\backend\\utils\\inMemoryDb.js","statementMap":{"0":{"start":{"line":1,"column":30},"end":{"line":1,"column":62}},"1":{"start":{"line":2,"column":17},"end":{"line":2,"column":36}},"2":{"start":{"line":4,"column":16},"end":{"line":9,"column":1}},"3":{"start":{"line":5,"column":17},"end":{"line":5,"column":49}},"4":{"start":{"line":6,"column":14},"end":{"line":6,"column":29}},"5":{"start":{"line":7,"column":21},"end":{"line":7,"column":48}},"6":{"start":{"line":8,"column":2},"end":{"line":8,"column":30}},"7":{"start":{"line":11,"column":15},"end":{"line":14,"column":1}},"8":{"start":{"line":12,"column":2},"end":{"line":12,"column":32}},"9":{"start":{"line":13,"column":2},"end":{"line":13,"column":22}},"10":{"start":{"line":16,"column":18},"end":{"line":22,"column":1}},"11":{"start":{"line":20,"column":19},"end":{"line":20,"column":75}},"12":{"start":{"line":20,"column":51},"end":{"line":20,"column":74}},"13":{"start":{"line":21,"column":2},"end":{"line":21,"column":30}},"14":{"start":{"line":24,"column":0},"end":{"line":24,"column":48}}},"fnMap":{"0":{"name":"(anonymous_0)","decl":{"start":{"line":4,"column":16},"end":{"line":4,"column":17}},"loc":{"start":{"line":4,"column":28},"end":{"line":9,"column":1}},"line":4},"1":{"name":"(anonymous_1)","decl":{"start":{"line":11,"column":15},"end":{"line":11,"column":16}},"loc":{"start":{"line":11,"column":45},"end":{"line":14,"column":1}},"line":11},"2":{"name":"(anonymous_2)","decl":{"start":{"line":16,"column":18},"end":{"line":16,"column":19}},"loc":{"start":{"line":16,"column":44},"end":{"line":22,"column":1}},"line":16},"3":{"name":"(anonymous_3)","decl":{"start":{"line":20,"column":35},"end":{"line":20,"column":36}},"loc":{"start":{"line":20,"column":51},"end":{"line":20,"column":74}},"line":20}},"branchMap":{},"s":{"0":1,"1":1,"2":1,"3":1,"4":1,"5":1,"6":1,"7":1,"8":1,"9":1,"10":1,"11":1,"12":1,"13":1,"14":1},"f":{"0":1,"1":1,"2":1,"3":1},"b":{},"_coverageSchema":"1a1c01bbd47fc00a2c39e90264f33305004495a9","hash":"dad3bdb220b28caf7050f79c0de50bbfe29895d0"}
,"C:\\Users\\Felhasználó\\Documents\\CodeCool\\FS API\\starlight\\backend\\utils\\logger.js": {"path":"C:\\Users\\Felhasználó\\Documents\\CodeCool\\FS API\\starlight\\backend\\utils\\logger.js","statementMap":{"0":{"start":{"line":1,"column":13},"end":{"line":1,"column":28}},"1":{"start":{"line":2,"column":53},"end":{"line":2,"column":77}},"2":{"start":{"line":4,"column":15},"end":{"line":7,"column":2}},"3":{"start":{"line":10,"column":13},"end":{"line":13,"column":2}},"4":{"start":{"line":16,"column":15},"end":{"line":25,"column":1}},"5":{"start":{"line":27,"column":0},"end":{"line":27,"column":24}}},"fnMap":{},"branchMap":{},"s":{"0":1,"1":1,"2":1,"3":1,"4":1,"5":1},"f":{},"b":{},"_coverageSchema":"1a1c01bbd47fc00a2c39e90264f33305004495a9","hash":"18c1dc0d615dd94ffca555e11e1ee35d411fd22c"}
}
